{
  "stats": {
    "suites": 1,
    "tests": 1,
    "passes": 1,
    "pending": 0,
    "failures": 0,
    "start": "2026-06-07T01:13:32.429Z",
    "end": "2026-06-07T01:13:43.581Z",
    "duration": 11152,
    "testsRegistered": 1,
    "passPercent": 100,
    "pendingPercent": 0,
    "other": 0,
    "hasOther": false,
    "skipped": 0,
    "hasSkipped": false
  },
  "results": [
    {
      "uuid": "e6d88882-fa5d-4b9f-91e1-c840a3252fde",
      "title": "",
      "fullFile": "cypress\\e2e\\purchase.cy.js",
      "file": "cypress\\e2e\\purchase.cy.js",
      "beforeHooks": [],
      "afterHooks": [],
      "tests": [],
      "suites": [
        {
          "uuid": "de62004a-4f96-413c-bf77-0c36b612a5dc",
          "title": "Proceso de Compra",
          "fullFile": "",
          "file": "",
          "beforeHooks": [],
          "afterHooks": [],
          "tests": [
            {
              "title": "Compra exitosa de un producto",
              "fullTitle": "Proceso de Compra Compra exitosa de un producto",
              "timedOut": null,
              "duration": 8379,
              "state": "passed",
              "speed": "medium",
              "pass": true,
              "fail": false,
              "pending": false,
              "context": null,
              "code": "home.visit();\nproduct.selectProduct('Samsung galaxy s6');\nproduct.validateProductAdded();\nproduct.addToCart();\ncart.openCart();\ncart.placeOrder();\ncart.completePurchase('Juan', 'Bolivia', 'La Paz', '123456789', '06', '2026');\ncart.validatePurchaseSuccess();",
              "err": {},
              "uuid": "3584d75f-6c4e-4667-a58f-0ac4a27e4911",
              "parentUUID": "de62004a-4f96-413c-bf77-0c36b612a5dc",
              "isHook": false,
              "skipped": false
            }
          ],
          "suites": [],
          "passes": [
            "3584d75f-6c4e-4667-a58f-0ac4a27e4911"
          ],
          "failures": [],
          "pending": [],
          "skipped": [],
          "duration": 8379,
          "root": false,
          "rootEmpty": false,
          "_timeout": 2000
        }
      ],
      "passes": [],
      "failures": [],
      "pending": [],
      "skipped": [],
      "duration": 0,
      "root": true,
      "rootEmpty": true,
      "_timeout": 2000
    }
  ],
  "meta": {
    "mocha": {
      "version": "7.2.0"
    },
    "mochawesome": {
      "options": {
        "quiet": false,
        "reportFilename": "mochawesome",
        "saveHtml": true,
        "saveJson": true,
        "consoleReporter": "spec",
        "useInlineDiffs": false,
        "code": true
      },
      "version": "7.1.4"
    },
    "marge": {
      "options": {
        "reportDir": "cypress/reports",
        "overwrite": false,
        "html": true,
        "json": true
      },
      "version": "6.3.2"
    }
  }
}