{
  "stats": {
    "suites": 1,
    "tests": 2,
    "passes": 1,
    "pending": 0,
    "failures": 1,
    "start": "2026-06-07T16:57:03.971Z",
    "end": "2026-06-07T16:57:09.277Z",
    "duration": 5306,
    "testsRegistered": 2,
    "passPercent": 50,
    "pendingPercent": 0,
    "other": 0,
    "hasOther": false,
    "skipped": 0,
    "hasSkipped": false
  },
  "results": [
    {
      "uuid": "b25d9617-9c8d-4521-bbaf-ebe6dd3489c7",
      "title": "",
      "fullFile": "cypress\\e2e\\features\\login.feature",
      "file": "cypress\\e2e\\features\\login.feature",
      "beforeHooks": [],
      "afterHooks": [],
      "tests": [],
      "suites": [
        {
          "uuid": "47ef5517-bbe2-49b2-991b-f579925f7d98",
          "title": "Inicio de sesión",
          "fullFile": "",
          "file": "",
          "beforeHooks": [],
          "afterHooks": [],
          "tests": [
            {
              "title": "Login exitoso",
              "fullTitle": "Inicio de sesión Login exitoso",
              "timedOut": null,
              "duration": 4048,
              "state": "passed",
              "speed": "fast",
              "pass": true,
              "fail": false,
              "pending": false,
              "context": null,
              "code": "var _a2, _b2, _c2, _d, _e;\n(0, assertions_1.assert)(context.includedPickles[0].id === pickle.id, \"Included pickle stack is unsynchronized\");\nconst { remainingSteps, testCaseStartedId } = retrieveInternalSpecProperties();\ntaskTestCaseStarted(context, {\n  id: testCaseStartedId,\n  testCaseId,\n  attempt: attempt++,\n  timestamp: (0, messages_1.createTimestamp)()\n});\nwindow.testState = {\n  gherkinDocument,\n  pickles,\n  pickle\n};\nconst onAfterStep = (options) => {\n  var _a3, _b3, _c3;\n  const { testStepId, testStepResult } = options;\n  const end = (0, messages_1.createTimestamp)();\n  if (testStepResult.status === messages.TestStepResultStatus.PENDING || testStepResult.status === messages.TestStepResultStatus.SKIPPED) {\n    taskTestStepFinished(context, {\n      testStepId,\n      testCaseStartedId,\n      testStepResult,\n      timestamp: end\n    });\n    remainingSteps.shift();\n    for (const skippedStep of remainingSteps) {\n      const hookIdOrPickleStepId = (0, assertions_1.ensure)((_b3 = (_a3 = skippedStep.hook) === null || _a3 === void 0 ? void 0 : _a3.id) !== null && _b3 !== void 0 ? _b3 : (_c3 = skippedStep.pickleStep) === null || _c3 === void 0 ? void 0 : _c3.id, \"Expected a step to either be a hook or a pickleStep\");\n      const testStepId2 = getTestStepId({\n        context,\n        pickleId: pickle.id,\n        hookIdOrPickleStepId\n      });\n      taskTestStepStarted(context, {\n        testStepId: testStepId2,\n        testCaseStartedId,\n        timestamp: (0, messages_1.createTimestamp)()\n      });\n      taskTestStepFinished(context, {\n        testStepId: testStepId2,\n        testCaseStartedId,\n        testStepResult: {\n          status: messages.TestStepResultStatus.SKIPPED,\n          duration: {\n            seconds: 0,\n            nanos: 0\n          }\n        },\n        timestamp: (0, messages_1.createTimestamp)()\n      });\n    }\n    for (let i = 0, count = remainingSteps.length; i < count; i++) {\n      remainingSteps.pop();\n    }\n    cy.then(() => this.skip());\n  } else {\n    taskTestStepFinished(context, {\n      testStepId,\n      testCaseStartedId,\n      testStepResult,\n      timestamp: (0, messages_1.createTimestamp)()\n    });\n    remainingSteps.shift();\n  }\n};\nfor (const step of steps) {\n  if (step.hook) {\n    const hook = step.hook;\n    const testStepId = getTestStepId({\n      context,\n      pickleId: pickle.id,\n      hookIdOrPickleStepId: hook.id\n    });\n    cy.then(() => {\n      delete window.testState.pickleStep;\n      const start = (0, messages_1.createTimestamp)();\n      internalProperties.currentStepStartedAt = start;\n      taskTestStepStarted(context, {\n        testStepId,\n        testCaseStartedId,\n        timestamp: start\n      });\n      return cy.wrap(start, { log: false });\n    }).then((start) => {\n      const options = {\n        pickle,\n        gherkinDocument,\n        testCaseStartedId\n      };\n      return (0, cypress_1.runStepWithLogGroup)({\n        fn: dryRun ? noopFn : () => registry2.runCaseHook(this, hook, options),\n        keyword: hook.keyword,\n        text: createStepDescription(hook)\n      }).then(convertReturnValueToTestStepResultStatus).then((status) => {\n        return { start, status };\n      });\n    }).then(({ start, status }) => onAfterStep({\n      testStepResult: {\n        status,\n        duration: (0, messages_1.duration)(start, (0, messages_1.createTimestamp)())\n      },\n      testStepId\n    }));\n  } else if (step.pickleStep) {\n    const pickleStep = step.pickleStep;\n    const testStepId = getTestStepId({\n      context,\n      pickleId: pickle.id,\n      hookIdOrPickleStepId: pickleStep.id\n    });\n    const text = (0, assertions_1.ensure)(pickleStep.text, \"Expected pickle step to have a text\");\n    const scenarioStep = (0, assertions_1.ensure)(context.astIdsMap.get((0, assertions_1.ensure)((_a2 = pickleStep.astNodeIds) === null || _a2 === void 0 ? void 0 : _a2[0], \"Expected to find at least one astNodeId\")), `Expected to find scenario step associated with id = ${(_b2 = pickleStep.astNodeIds) === null || _b2 === void 0 ? void 0 : _b2[0]}`);\n    const argument = ((_c2 = pickleStep.argument) === null || _c2 === void 0 ? void 0 : _c2.dataTable) ? new data_table_1.default(pickleStep.argument.dataTable) : ((_e = (_d = pickleStep.argument) === null || _d === void 0 ? void 0 : _d.docString) === null || _e === void 0 ? void 0 : _e.content) ? pickleStep.argument.docString.content : void 0;\n    cy.then(() => {\n      window.testState.pickleStep = step.pickleStep;\n      const start = (0, messages_1.createTimestamp)();\n      internalProperties.currentStep = { pickleStep };\n      internalProperties.currentStepStartedAt = start;\n      taskTestStepStarted(context, {\n        testStepId,\n        testCaseStartedId,\n        timestamp: start\n      });\n      return cy.wrap(start, { log: false });\n    }).then((start) => {\n      const beforeStepHooks = registry2.resolveBeforeStepHooks(tags);\n      const afterStepHooks = registry2.resolveAfterStepHooks(tags);\n      const options = {\n        pickle,\n        pickleStep,\n        gherkinDocument,\n        testCaseStartedId,\n        testStepId\n      };\n      const beforeHooksChain = () => beforeStepHooks.reduce((chain, beforeStepHook) => {\n        return chain.then((results) => {\n          const start2 = (0, messages_1.createTimestamp)();\n          return (0, cypress_1.runStepWithLogGroup)({\n            keyword: \"BeforeStep\",\n            text: createStepDescription(beforeStepHook),\n            fn: dryRun ? noopFn : () => registry2.runStepHook(this, beforeStepHook, options)\n          }).then(convertReturnValueToTestStepResultStatus).then((status) => results.concat({\n            status,\n            duration: (0, messages_1.duration)(start2, (0, messages_1.createTimestamp)())\n          }));\n        });\n      }, cy.wrap([], { log: false }));\n      const afterStepHooksChain = () => afterStepHooks.reduce((chain, afterStepHook) => {\n        return chain.then((results) => {\n          const start2 = (0, messages_1.createTimestamp)();\n          return (0, cypress_1.runStepWithLogGroup)({\n            keyword: \"AfterStep\",\n            text: createStepDescription(afterStepHook),\n            fn: dryRun ? noopFn : () => registry2.runStepHook(this, afterStepHook, options)\n          }).then(convertReturnValueToTestStepResultStatus).then((status) => results.concat({\n            status,\n            duration: (0, messages_1.duration)(start2, (0, messages_1.createTimestamp)())\n          }));\n        });\n      }, cy.wrap([], {\n        log: false\n      }));\n      return beforeHooksChain().then((beforeStepHookResults) => {\n        return (0, cypress_1.runStepWithLogGroup)({\n          keyword: (0, assertions_1.ensure)(\"keyword\" in scenarioStep && scenarioStep.keyword, \"Expected to find a keyword in the scenario step\"),\n          argument,\n          text,\n          fn: () => {\n            var _a3, _b3;\n            try {\n              return registry2.runStepDefinition(this, text, dryRun, argument);\n            } catch (e) {\n              if (e instanceof registry_1.MissingDefinitionError || e instanceof registry_1.MultipleDefinitionsError) {\n                this.test._retries = this.test._currentRetry;\n              }\n              if (e instanceof registry_1.MissingDefinitionError) {\n                let parameterType = null;\n                if ((_a3 = pickleStep.argument) === null || _a3 === void 0 ? void 0 : _a3.dataTable) {\n                  parameterType = \"dataTable\";\n                } else if ((_b3 = pickleStep.argument) === null || _b3 === void 0 ? void 0 : _b3.docString) {\n                  parameterType = \"docString\";\n                }\n                const snippets = new cucumber_expressions_1.CucumberExpressionGenerator(() => context.registry.parameterTypeRegistry.parameterTypes).generateExpressions(pickleStep.text).map((expression) => (0, snippets_1.generateSnippet)(expression, (0, assertions_1.ensure)(pickleStep.type, \"Expected pickleStep to have a type\"), parameterType));\n                return taskSuggestion(context, {\n                  id: context.newId(),\n                  pickleStepId: pickleStep.id,\n                  snippets: snippets.map((code) => {\n                    return {\n                      language: \"javascript\",\n                      code\n                    };\n                  })\n                }).then(() => {\n                  throw new Error(createMissingStepDefinitionMessage(context, pickleStep, snippets));\n                });\n              } else {\n                throw e;\n              }\n            }\n          }\n        }).then(convertReturnValueToTestStepResultStatus).then((status) => {\n          const testStepResult = {\n            status,\n            duration: (0, messages_1.duration)(start, (0, messages_1.createTimestamp)())\n          };\n          return {\n            beforeStepHookResults,\n            testStepResult\n          };\n        });\n      }).then(({ beforeStepHookResults, testStepResult }) => {\n        return afterStepHooksChain().then((afterStepHookResults) => {\n          return messages.getWorstTestStepResult([\n            ...beforeStepHookResults,\n            testStepResult,\n            ...afterStepHookResults\n          ]);\n        });\n      });\n    }).then((testStepResult) => onAfterStep({ testStepResult, testStepId }));\n  }\n}",
              "err": {},
              "uuid": "ae9bf849-a124-4005-95af-56ad399429c4",
              "parentUUID": "47ef5517-bbe2-49b2-991b-f579925f7d98",
              "isHook": false,
              "skipped": false
            },
            {
              "title": "Login con credenciales inválidas",
              "fullTitle": "Inicio de sesión Login con credenciales inválidas",
              "timedOut": null,
              "duration": 1035,
              "state": "failed",
              "speed": null,
              "pass": false,
              "fail": true,
              "pending": false,
              "context": null,
              "code": "var _a2, _b2, _c2, _d, _e;\n(0, assertions_1.assert)(context.includedPickles[0].id === pickle.id, \"Included pickle stack is unsynchronized\");\nconst { remainingSteps, testCaseStartedId } = retrieveInternalSpecProperties();\ntaskTestCaseStarted(context, {\n  id: testCaseStartedId,\n  testCaseId,\n  attempt: attempt++,\n  timestamp: (0, messages_1.createTimestamp)()\n});\nwindow.testState = {\n  gherkinDocument,\n  pickles,\n  pickle\n};\nconst onAfterStep = (options) => {\n  var _a3, _b3, _c3;\n  const { testStepId, testStepResult } = options;\n  const end = (0, messages_1.createTimestamp)();\n  if (testStepResult.status === messages.TestStepResultStatus.PENDING || testStepResult.status === messages.TestStepResultStatus.SKIPPED) {\n    taskTestStepFinished(context, {\n      testStepId,\n      testCaseStartedId,\n      testStepResult,\n      timestamp: end\n    });\n    remainingSteps.shift();\n    for (const skippedStep of remainingSteps) {\n      const hookIdOrPickleStepId = (0, assertions_1.ensure)((_b3 = (_a3 = skippedStep.hook) === null || _a3 === void 0 ? void 0 : _a3.id) !== null && _b3 !== void 0 ? _b3 : (_c3 = skippedStep.pickleStep) === null || _c3 === void 0 ? void 0 : _c3.id, \"Expected a step to either be a hook or a pickleStep\");\n      const testStepId2 = getTestStepId({\n        context,\n        pickleId: pickle.id,\n        hookIdOrPickleStepId\n      });\n      taskTestStepStarted(context, {\n        testStepId: testStepId2,\n        testCaseStartedId,\n        timestamp: (0, messages_1.createTimestamp)()\n      });\n      taskTestStepFinished(context, {\n        testStepId: testStepId2,\n        testCaseStartedId,\n        testStepResult: {\n          status: messages.TestStepResultStatus.SKIPPED,\n          duration: {\n            seconds: 0,\n            nanos: 0\n          }\n        },\n        timestamp: (0, messages_1.createTimestamp)()\n      });\n    }\n    for (let i = 0, count = remainingSteps.length; i < count; i++) {\n      remainingSteps.pop();\n    }\n    cy.then(() => this.skip());\n  } else {\n    taskTestStepFinished(context, {\n      testStepId,\n      testCaseStartedId,\n      testStepResult,\n      timestamp: (0, messages_1.createTimestamp)()\n    });\n    remainingSteps.shift();\n  }\n};\nfor (const step of steps) {\n  if (step.hook) {\n    const hook = step.hook;\n    const testStepId = getTestStepId({\n      context,\n      pickleId: pickle.id,\n      hookIdOrPickleStepId: hook.id\n    });\n    cy.then(() => {\n      delete window.testState.pickleStep;\n      const start = (0, messages_1.createTimestamp)();\n      internalProperties.currentStepStartedAt = start;\n      taskTestStepStarted(context, {\n        testStepId,\n        testCaseStartedId,\n        timestamp: start\n      });\n      return cy.wrap(start, { log: false });\n    }).then((start) => {\n      const options = {\n        pickle,\n        gherkinDocument,\n        testCaseStartedId\n      };\n      return (0, cypress_1.runStepWithLogGroup)({\n        fn: dryRun ? noopFn : () => registry2.runCaseHook(this, hook, options),\n        keyword: hook.keyword,\n        text: createStepDescription(hook)\n      }).then(convertReturnValueToTestStepResultStatus).then((status) => {\n        return { start, status };\n      });\n    }).then(({ start, status }) => onAfterStep({\n      testStepResult: {\n        status,\n        duration: (0, messages_1.duration)(start, (0, messages_1.createTimestamp)())\n      },\n      testStepId\n    }));\n  } else if (step.pickleStep) {\n    const pickleStep = step.pickleStep;\n    const testStepId = getTestStepId({\n      context,\n      pickleId: pickle.id,\n      hookIdOrPickleStepId: pickleStep.id\n    });\n    const text = (0, assertions_1.ensure)(pickleStep.text, \"Expected pickle step to have a text\");\n    const scenarioStep = (0, assertions_1.ensure)(context.astIdsMap.get((0, assertions_1.ensure)((_a2 = pickleStep.astNodeIds) === null || _a2 === void 0 ? void 0 : _a2[0], \"Expected to find at least one astNodeId\")), `Expected to find scenario step associated with id = ${(_b2 = pickleStep.astNodeIds) === null || _b2 === void 0 ? void 0 : _b2[0]}`);\n    const argument = ((_c2 = pickleStep.argument) === null || _c2 === void 0 ? void 0 : _c2.dataTable) ? new data_table_1.default(pickleStep.argument.dataTable) : ((_e = (_d = pickleStep.argument) === null || _d === void 0 ? void 0 : _d.docString) === null || _e === void 0 ? void 0 : _e.content) ? pickleStep.argument.docString.content : void 0;\n    cy.then(() => {\n      window.testState.pickleStep = step.pickleStep;\n      const start = (0, messages_1.createTimestamp)();\n      internalProperties.currentStep = { pickleStep };\n      internalProperties.currentStepStartedAt = start;\n      taskTestStepStarted(context, {\n        testStepId,\n        testCaseStartedId,\n        timestamp: start\n      });\n      return cy.wrap(start, { log: false });\n    }).then((start) => {\n      const beforeStepHooks = registry2.resolveBeforeStepHooks(tags);\n      const afterStepHooks = registry2.resolveAfterStepHooks(tags);\n      const options = {\n        pickle,\n        pickleStep,\n        gherkinDocument,\n        testCaseStartedId,\n        testStepId\n      };\n      const beforeHooksChain = () => beforeStepHooks.reduce((chain, beforeStepHook) => {\n        return chain.then((results) => {\n          const start2 = (0, messages_1.createTimestamp)();\n          return (0, cypress_1.runStepWithLogGroup)({\n            keyword: \"BeforeStep\",\n            text: createStepDescription(beforeStepHook),\n            fn: dryRun ? noopFn : () => registry2.runStepHook(this, beforeStepHook, options)\n          }).then(convertReturnValueToTestStepResultStatus).then((status) => results.concat({\n            status,\n            duration: (0, messages_1.duration)(start2, (0, messages_1.createTimestamp)())\n          }));\n        });\n      }, cy.wrap([], { log: false }));\n      const afterStepHooksChain = () => afterStepHooks.reduce((chain, afterStepHook) => {\n        return chain.then((results) => {\n          const start2 = (0, messages_1.createTimestamp)();\n          return (0, cypress_1.runStepWithLogGroup)({\n            keyword: \"AfterStep\",\n            text: createStepDescription(afterStepHook),\n            fn: dryRun ? noopFn : () => registry2.runStepHook(this, afterStepHook, options)\n          }).then(convertReturnValueToTestStepResultStatus).then((status) => results.concat({\n            status,\n            duration: (0, messages_1.duration)(start2, (0, messages_1.createTimestamp)())\n          }));\n        });\n      }, cy.wrap([], {\n        log: false\n      }));\n      return beforeHooksChain().then((beforeStepHookResults) => {\n        return (0, cypress_1.runStepWithLogGroup)({\n          keyword: (0, assertions_1.ensure)(\"keyword\" in scenarioStep && scenarioStep.keyword, \"Expected to find a keyword in the scenario step\"),\n          argument,\n          text,\n          fn: () => {\n            var _a3, _b3;\n            try {\n              return registry2.runStepDefinition(this, text, dryRun, argument);\n            } catch (e) {\n              if (e instanceof registry_1.MissingDefinitionError || e instanceof registry_1.MultipleDefinitionsError) {\n                this.test._retries = this.test._currentRetry;\n              }\n              if (e instanceof registry_1.MissingDefinitionError) {\n                let parameterType = null;\n                if ((_a3 = pickleStep.argument) === null || _a3 === void 0 ? void 0 : _a3.dataTable) {\n                  parameterType = \"dataTable\";\n                } else if ((_b3 = pickleStep.argument) === null || _b3 === void 0 ? void 0 : _b3.docString) {\n                  parameterType = \"docString\";\n                }\n                const snippets = new cucumber_expressions_1.CucumberExpressionGenerator(() => context.registry.parameterTypeRegistry.parameterTypes).generateExpressions(pickleStep.text).map((expression) => (0, snippets_1.generateSnippet)(expression, (0, assertions_1.ensure)(pickleStep.type, \"Expected pickleStep to have a type\"), parameterType));\n                return taskSuggestion(context, {\n                  id: context.newId(),\n                  pickleStepId: pickleStep.id,\n                  snippets: snippets.map((code) => {\n                    return {\n                      language: \"javascript\",\n                      code\n                    };\n                  })\n                }).then(() => {\n                  throw new Error(createMissingStepDefinitionMessage(context, pickleStep, snippets));\n                });\n              } else {\n                throw e;\n              }\n            }\n          }\n        }).then(convertReturnValueToTestStepResultStatus).then((status) => {\n          const testStepResult = {\n            status,\n            duration: (0, messages_1.duration)(start, (0, messages_1.createTimestamp)())\n          };\n          return {\n            beforeStepHookResults,\n            testStepResult\n          };\n        });\n      }).then(({ beforeStepHookResults, testStepResult }) => {\n        return afterStepHooksChain().then((afterStepHookResults) => {\n          return messages.getWorstTestStepResult([\n            ...beforeStepHookResults,\n            testStepResult,\n            ...afterStepHookResults\n          ]);\n        });\n      });\n    }).then((testStepResult) => onAfterStep({ testStepResult, testStepId }));\n  }\n}",
              "err": {
                "message": "Error: \nStep implementation missing for \"ingresa credenciales incorrectas\".\n\nWe tried searching for files containing step definitions using the following search pattern templates:\n\n  - cypress\\e2e\\features/[filepath]/**/*.{js,mjs,ts,tsx}\n  - cypress\\e2e\\features/[filepath].{js,mjs,ts,tsx}\n  - cypress/support/step_definitions/**/*.{js,mjs,ts,tsx}\n\nThese templates resolved to the following search patterns:\n\n  - cypress\\e2e\\features/login/**/*.{js,mjs,ts,tsx}\n  - cypress\\e2e\\features/login.{js,mjs,ts,tsx}\n  - cypress/support/step_definitions/**/*.{js,mjs,ts,tsx}\n\nThese patterns matched the following files:\n\n  - cypress\\support\\step_definitions\\purchase.steps.js\n  - cypress\\support\\step_definitions\\login.steps.js\n  - cypress\\support\\step_definitions\\common.steps.js\n\nHowever, none of these files contained a step definition matching \"ingresa credenciales incorrectas\".\n\nYou can implement it using the suggestion(s) below.\n\n  When(\"ingresa credenciales incorrectas\", function () {\n    return \"pending\";\n  });\n  ",
                "estack": "Error: \nStep implementation missing for \"ingresa credenciales incorrectas\".\n\nWe tried searching for files containing step definitions using the following search pattern templates:\n\n  - cypress\\e2e\\features/[filepath]/**/*.{js,mjs,ts,tsx}\n  - cypress\\e2e\\features/[filepath].{js,mjs,ts,tsx}\n  - cypress/support/step_definitions/**/*.{js,mjs,ts,tsx}\n\nThese templates resolved to the following search patterns:\n\n  - cypress\\e2e\\features/login/**/*.{js,mjs,ts,tsx}\n  - cypress\\e2e\\features/login.{js,mjs,ts,tsx}\n  - cypress/support/step_definitions/**/*.{js,mjs,ts,tsx}\n\nThese patterns matched the following files:\n\n  - cypress\\support\\step_definitions\\purchase.steps.js\n  - cypress\\support\\step_definitions\\login.steps.js\n  - cypress\\support\\step_definitions\\common.steps.js\n\nHowever, none of these files contained a step definition matching \"ingresa credenciales incorrectas\".\n\nYou can implement it using the suggestion(s) below.\n\n  When(\"ingresa credenciales incorrectas\", function () {\n    return \"pending\";\n  });\n  \n    at Context.eval (https://www.demoblaze.com/__cypress/tests?p=cypress\\e2e\\features\\login.feature:16042:35)\n    at getRet (https://www.demoblaze.com/__cypress/runner/cypress_runner.js:122946:20)\n    at tryCatcher (https://www.demoblaze.com/__cypress/runner/cypress_runner.js:1777:23)\n    at Promise.attempt.Promise.try (https://www.demoblaze.com/__cypress/runner/cypress_runner.js:4285:29)\n    at Context.thenFn (https://www.demoblaze.com/__cypress/runner/cypress_runner.js:122957:66)\n    at Context.then (https://www.demoblaze.com/__cypress/runner/cypress_runner.js:123208:21)\n    at wrapped (https://www.demoblaze.com/__cypress/runner/cypress_runner.js:146489:19)\n    at <unknown> (https://www.demoblaze.com/__cypress/runner/cypress_runner.js:152520:15)\n    at tryCatcher (https://www.demoblaze.com/__cypress/runner/cypress_runner.js:1777:23)",
                "diff": null
              },
              "uuid": "535da4dd-cd50-44f5-b199-0f37cc77a5a1",
              "parentUUID": "47ef5517-bbe2-49b2-991b-f579925f7d98",
              "isHook": false,
              "skipped": false
            }
          ],
          "suites": [],
          "passes": [
            "ae9bf849-a124-4005-95af-56ad399429c4"
          ],
          "failures": [
            "535da4dd-cd50-44f5-b199-0f37cc77a5a1"
          ],
          "pending": [],
          "skipped": [],
          "duration": 5083,
          "root": false,
          "rootEmpty": false,
          "_timeout": 2000
        }
      ],
      "passes": [],
      "failures": [],
      "pending": [],
      "skipped": [],
      "duration": 0,
      "root": true,
      "rootEmpty": true,
      "_timeout": 2000
    }
  ],
  "meta": {
    "mocha": {
      "version": "7.2.0"
    },
    "mochawesome": {
      "options": {
        "quiet": false,
        "reportFilename": "mochawesome",
        "saveHtml": true,
        "saveJson": true,
        "consoleReporter": "spec",
        "useInlineDiffs": false,
        "code": true
      },
      "version": "7.1.4"
    },
    "marge": {
      "options": {
        "reportDir": "cypress/reports",
        "overwrite": false,
        "html": true,
        "json": true
      },
      "version": "6.3.2"
    }
  }
}