{
  "stats": {
    "suites": 1,
    "tests": 1,
    "passes": 1,
    "pending": 0,
    "failures": 0,
    "start": "2026-06-07T15:41:52.725Z",
    "end": "2026-06-07T15:42:00.617Z",
    "duration": 7892,
    "testsRegistered": 1,
    "passPercent": 100,
    "pendingPercent": 0,
    "other": 0,
    "hasOther": false,
    "skipped": 0,
    "hasSkipped": false
  },
  "results": [
    {
      "uuid": "8d885fdf-831a-4c9d-9497-a9f457ff9abf",
      "title": "",
      "fullFile": "cypress\\e2e\\login.cy.js",
      "file": "cypress\\e2e\\login.cy.js",
      "beforeHooks": [],
      "afterHooks": [],
      "tests": [],
      "suites": [
        {
          "uuid": "5a3cd085-54f0-41b9-a377-fed1fc1abfee",
          "title": "Login Demoblaze",
          "fullFile": "",
          "file": "",
          "beforeHooks": [],
          "afterHooks": [],
          "tests": [
            {
              "title": "Login exitoso",
              "fullTitle": "Login Demoblaze Login exitoso",
              "timedOut": null,
              "duration": 7715,
              "state": "passed",
              "speed": "medium",
              "pass": true,
              "fail": false,
              "pending": false,
              "context": null,
              "code": "home.visit();\nhome.clickLogin();\ncy.get(\"#logInModal\").should(\"be.visible\");\nlogin.login(\n  \"juanvictor01\",\n  \"123456\"\n);\ncy.get(\"#nameofuser\", { timeout: 15e3 }).should(\"contain.text\", \"Welcome\").and(\"contain.text\", \"juanvictor01\");",
              "err": {},
              "uuid": "b7f91eca-4d38-4ac3-9b72-7d564ba52d4e",
              "parentUUID": "5a3cd085-54f0-41b9-a377-fed1fc1abfee",
              "isHook": false,
              "skipped": false
            }
          ],
          "suites": [],
          "passes": [
            "b7f91eca-4d38-4ac3-9b72-7d564ba52d4e"
          ],
          "failures": [],
          "pending": [],
          "skipped": [],
          "duration": 7715,
          "root": false,
          "rootEmpty": false,
          "_timeout": 2000
        }
      ],
      "passes": [],
      "failures": [],
      "pending": [],
      "skipped": [],
      "duration": 0,
      "root": true,
      "rootEmpty": true,
      "_timeout": 2000
    }
  ],
  "meta": {
    "mocha": {
      "version": "7.2.0"
    },
    "mochawesome": {
      "options": {
        "quiet": false,
        "reportFilename": "mochawesome",
        "saveHtml": true,
        "saveJson": true,
        "consoleReporter": "spec",
        "useInlineDiffs": false,
        "code": true
      },
      "version": "7.1.4"
    },
    "marge": {
      "options": {
        "reportDir": "cypress/reports",
        "overwrite": false,
        "html": true,
        "json": true
      },
      "version": "6.3.2"
    }
  }
}