{
  "stats": {
    "suites": 0,
    "tests": 1,
    "passes": 0,
    "pending": 0,
    "failures": 1,
    "start": "2026-06-07T15:17:37.713Z",
    "end": "2026-06-07T15:17:38.160Z",
    "duration": 447,
    "testsRegistered": 1,
    "passPercent": 0,
    "pendingPercent": 0,
    "other": 0,
    "hasOther": false,
    "skipped": 0,
    "hasSkipped": false
  },
  "results": [
    {
      "uuid": "e18416a1-23dc-46e5-817f-f44e9bbbdf47",
      "title": "",
      "fullFile": "cypress\\e2e\\login.cy.js",
      "file": "cypress\\e2e\\login.cy.js",
      "beforeHooks": [],
      "afterHooks": [],
      "tests": [
        {
          "title": "An uncaught error was detected outside of a test",
          "fullTitle": "An uncaught error was detected outside of a test",
          "timedOut": null,
          "duration": 335,
          "state": "failed",
          "speed": null,
          "pass": false,
          "fail": true,
          "pending": false,
          "context": null,
          "code": "throw err;",
          "err": {
            "message": "TypeError: The following error originated from your test code, not from Cypress.\n\n  > _LoginPage.default is not a constructor\n\nWhen Cypress detects uncaught errors originating from your test code it will automatically fail the current test.\n\nCypress could not associate this error to any specific test.\n\nWe dynamically generated a new test to display this failure.",
            "estack": "TypeError: The following error originated from your test code, not from Cypress.\n\n  > _LoginPage.default is not a constructor\n\nWhen Cypress detects uncaught errors originating from your test code it will automatically fail the current test.\n\nCypress could not associate this error to any specific test.\n\nWe dynamically generated a new test to display this failure.\n    at eval (webpack://reto4-cypress/./cypress/e2e/login.cy.js:6:14)\n    at eval (http://localhost:54333/__cypress/tests?p=cypress\\e2e\\login.cy.js:22571:3)\n    at eval (http://localhost:54333/__cypress/tests?p=cypress\\e2e\\login.cy.js:22573:12)\n    at eval (<anonymous>)\n    at <unknown> (http://localhost:54333/__cypress/runner/cypress_runner.js:114163:23)\n    at tryCatcher (http://localhost:54333/__cypress/runner/cypress_runner.js:1777:23)\n    at Object.gotValue (http://localhost:54333/__cypress/runner/cypress_runner.js:6446:18)\n    at Object.gotAccum (http://localhost:54333/__cypress/runner/cypress_runner.js:6435:25)\n    at Object.tryCatcher (http://localhost:54333/__cypress/runner/cypress_runner.js:1777:23)\n    at Promise._settlePromiseFromHandler (http://localhost:54333/__cypress/runner/cypress_runner.js:1489:31)",
            "diff": null
          },
          "uuid": "c1c548a4-0715-49ac-aaa4-2e023d4cfc0f",
          "parentUUID": "e18416a1-23dc-46e5-817f-f44e9bbbdf47",
          "isHook": false,
          "skipped": false
        }
      ],
      "suites": [],
      "passes": [],
      "failures": [
        "c1c548a4-0715-49ac-aaa4-2e023d4cfc0f"
      ],
      "pending": [],
      "skipped": [],
      "duration": 335,
      "root": true,
      "rootEmpty": false,
      "_timeout": 2000
    }
  ],
  "meta": {
    "mocha": {
      "version": "7.2.0"
    },
    "mochawesome": {
      "options": {
        "quiet": false,
        "reportFilename": "mochawesome",
        "saveHtml": true,
        "saveJson": true,
        "consoleReporter": "spec",
        "useInlineDiffs": false,
        "code": true
      },
      "version": "7.1.4"
    },
    "marge": {
      "options": {
        "reportDir": "cypress/reports",
        "overwrite": false,
        "html": true,
        "json": true
      },
      "version": "6.3.2"
    }
  }
}