{
  "stats": {
    "suites": 0,
    "tests": 1,
    "passes": 0,
    "pending": 0,
    "failures": 1,
    "start": "2026-06-07T20:58:58.656Z",
    "end": "2026-06-07T20:58:58.939Z",
    "duration": 283,
    "testsRegistered": 1,
    "passPercent": 0,
    "pendingPercent": 0,
    "other": 0,
    "hasOther": false,
    "skipped": 0,
    "hasSkipped": false
  },
  "results": [
    {
      "uuid": "28cf1b57-8f70-4c27-93f8-65fbad4b4124",
      "title": "",
      "fullFile": "cypress\\e2e\\features\\purchase.feature",
      "file": "cypress\\e2e\\features\\purchase.feature",
      "beforeHooks": [],
      "afterHooks": [],
      "tests": [
        {
          "title": "An uncaught error was detected outside of a test",
          "fullTitle": "An uncaught error was detected outside of a test",
          "timedOut": null,
          "duration": 227,
          "state": "failed",
          "speed": null,
          "pass": false,
          "fail": true,
          "pending": false,
          "context": null,
          "code": "throw err;",
          "err": {
            "message": "CypressError: The following error originated from your test code, not from Cypress.\n\n  > `Cypress.env()` does not work when `allowCypressEnv` is set to `false`. Please migrate to `cy.env()` or leverage other stateful methods to manage variables. The variable being accessed was: `allure`\n\nWhen Cypress detects uncaught errors originating from your test code it will automatically fail the current test.\n\nCypress could not associate this error to any specific test.\n\nWe dynamically generated a new test to display this failure.\n\nhttps://on.cypress.io/cypress-env-migration",
            "estack": "CypressError: The following error originated from your test code, not from Cypress.\n\n  > `Cypress.env()` does not work when `allowCypressEnv` is set to `false`. Please migrate to `cy.env()` or leverage other stateful methods to manage variables. The variable being accessed was: `allure`\n\nWhen Cypress detects uncaught errors originating from your test code it will automatically fail the current test.\n\nCypress could not associate this error to any specific test.\n\nWe dynamically generated a new test to display this failure.\n\nhttps://on.cypress.io/cypress-env-migration\n    at cypressErr (https://www.demoblaze.com/__cypress/runner/cypress_runner.js:78521:18)\n    at Object.errByPath (https://www.demoblaze.com/__cypress/runner/cypress_runner.js:78579:10)\n    at failCypressEnvWithWarning (https://www.demoblaze.com/__cypress/runner/cypress_runner.js:41589:81)\n    at Object.allureEnabled (https://www.demoblaze.com/__cypress/tests?p=cypress\\support\\e2e.js:11149:30)\n    at node_modules/@shelex/cypress-allure-plugin/reporter/index.js (https://www.demoblaze.com/__cypress/tests?p=cypress\\support\\e2e.js:11355:34)\n    at __init (https://www.demoblaze.com/__cypress/tests?p=cypress\\support\\e2e.js:10:58)\n    at cypress/support/e2e.js (https://www.demoblaze.com/__cypress/tests?p=cypress\\support\\e2e.js:11445:7)\n    at __require2 (https://www.demoblaze.com/__cypress/tests?p=cypress\\support\\e2e.js:13:52)\n    at eval (https://www.demoblaze.com/__cypress/tests?p=cypress\\support\\e2e.js:11448:3)\n    at eval (https://www.demoblaze.com/__cypress/tests?p=cypress\\support\\e2e.js:11449:3)\n    at eval (<anonymous>)\n    at <unknown> (https://www.demoblaze.com/__cypress/runner/cypress_runner.js:114163:23)\n    at tryCatcher (https://www.demoblaze.com/__cypress/runner/cypress_runner.js:1777:23)\n    at Object.gotValue (https://www.demoblaze.com/__cypress/runner/cypress_runner.js:6446:18)\n    at Object.gotAccum (https://www.demoblaze.com/__cypress/runner/cypress_runner.js:6435:25)\n    at Object.tryCatcher (https://www.demoblaze.com/__cypress/runner/cypress_runner.js:1777:23)\n    at Promise._settlePromiseFromHandler (https://www.demoblaze.com/__cypress/runner/cypress_runner.js:1489:31)\n    at Promise._settlePromise (https://www.demoblaze.com/__cypress/runner/cypress_runner.js:1546:18)\n    at Promise._settlePromiseCtx (https://www.demoblaze.com/__cypress/runner/cypress_runner.js:1583:10)\n    at _drainQueueStep (https://www.demoblaze.com/__cypress/runner/cypress_runner.js:2381:12)\n    at _drainQueue (https://www.demoblaze.com/__cypress/runner/cypress_runner.js:2370:9)\n    at Async._drainQueues (https://www.demoblaze.com/__cypress/runner/cypress_runner.js:2386:5)",
            "diff": null
          },
          "uuid": "2b0657f2-f795-4474-b9b4-d69009154e2e",
          "parentUUID": "28cf1b57-8f70-4c27-93f8-65fbad4b4124",
          "isHook": false,
          "skipped": false
        }
      ],
      "suites": [],
      "passes": [],
      "failures": [
        "2b0657f2-f795-4474-b9b4-d69009154e2e"
      ],
      "pending": [],
      "skipped": [],
      "duration": 227,
      "root": true,
      "rootEmpty": false,
      "_timeout": 2000
    }
  ],
  "meta": {
    "mocha": {
      "version": "7.2.0"
    },
    "mochawesome": {
      "options": {
        "quiet": false,
        "reportFilename": "mochawesome",
        "saveHtml": true,
        "saveJson": true,
        "consoleReporter": "spec",
        "useInlineDiffs": false,
        "code": true
      },
      "version": "7.1.4"
    },
    "marge": {
      "options": {
        "reportDir": "cypress/reports",
        "overwrite": false,
        "html": true,
        "json": true
      },
      "version": "6.3.2"
    }
  }
}