{
  "stats": {
    "suites": 1,
    "tests": 1,
    "passes": 1,
    "pending": 0,
    "failures": 0,
    "start": "2026-06-07T15:51:17.670Z",
    "end": "2026-06-07T15:51:26.306Z",
    "duration": 8636,
    "testsRegistered": 1,
    "passPercent": 100,
    "pendingPercent": 0,
    "other": 0,
    "hasOther": false,
    "skipped": 0,
    "hasSkipped": false
  },
  "results": [
    {
      "uuid": "db833a79-acbd-4e8e-9df5-0e2aa76000b0",
      "title": "",
      "fullFile": "cypress\\e2e\\purchase.cy.js",
      "file": "cypress\\e2e\\purchase.cy.js",
      "beforeHooks": [],
      "afterHooks": [],
      "tests": [],
      "suites": [
        {
          "uuid": "37a1d78b-211e-4c5a-ad9d-6bc7f93aafc4",
          "title": "Proceso de Compra",
          "fullFile": "",
          "file": "",
          "beforeHooks": [],
          "afterHooks": [],
          "tests": [
            {
              "title": "Compra exitosa de un producto",
              "fullTitle": "Proceso de Compra Compra exitosa de un producto",
              "timedOut": null,
              "duration": 8528,
              "state": "passed",
              "speed": "medium",
              "pass": true,
              "fail": false,
              "pending": false,
              "context": null,
              "code": "home.visit();\nproduct.selectProduct(\"Samsung galaxy s6\");\nproduct.validateProductAdded();\nproduct.addToCart();\ncart.openCart();\ncart.placeOrder();\ncart.completePurchase(\n  \"Juan\",\n  \"Bolivia\",\n  \"La Paz\",\n  \"123456789\",\n  \"06\",\n  \"2026\"\n);\ncart.validatePurchaseSuccess();",
              "err": {},
              "uuid": "2a2a888f-0432-4068-bc20-dd250fe7b5b0",
              "parentUUID": "37a1d78b-211e-4c5a-ad9d-6bc7f93aafc4",
              "isHook": false,
              "skipped": false
            }
          ],
          "suites": [],
          "passes": [
            "2a2a888f-0432-4068-bc20-dd250fe7b5b0"
          ],
          "failures": [],
          "pending": [],
          "skipped": [],
          "duration": 8528,
          "root": false,
          "rootEmpty": false,
          "_timeout": 2000
        }
      ],
      "passes": [],
      "failures": [],
      "pending": [],
      "skipped": [],
      "duration": 0,
      "root": true,
      "rootEmpty": true,
      "_timeout": 2000
    }
  ],
  "meta": {
    "mocha": {
      "version": "7.2.0"
    },
    "mochawesome": {
      "options": {
        "quiet": false,
        "reportFilename": "mochawesome",
        "saveHtml": true,
        "saveJson": true,
        "consoleReporter": "spec",
        "useInlineDiffs": false,
        "code": true
      },
      "version": "7.1.4"
    },
    "marge": {
      "options": {
        "reportDir": "cypress/reports",
        "overwrite": false,
        "html": true,
        "json": true
      },
      "version": "6.3.2"
    }
  }
}