{
  "stats": {
    "suites": 0,
    "tests": 1,
    "passes": 0,
    "pending": 0,
    "failures": 1,
    "start": "2026-06-07T15:26:40.378Z",
    "end": "2026-06-07T15:26:40.627Z",
    "duration": 249,
    "testsRegistered": 1,
    "passPercent": 0,
    "pendingPercent": 0,
    "other": 0,
    "hasOther": false,
    "skipped": 0,
    "hasSkipped": false
  },
  "results": [
    {
      "uuid": "ef3248c1-272a-4417-a436-12ab910c8636",
      "title": "",
      "fullFile": "cypress\\e2e\\login.cy.js",
      "file": "cypress\\e2e\\login.cy.js",
      "beforeHooks": [],
      "afterHooks": [],
      "tests": [
        {
          "title": "An uncaught error was detected outside of a test",
          "fullTitle": "An uncaught error was detected outside of a test",
          "timedOut": null,
          "duration": 204,
          "state": "failed",
          "speed": null,
          "pass": false,
          "fail": true,
          "pending": false,
          "context": null,
          "code": "throw err;",
          "err": {
            "message": "Error: The following error originated from your test code, not from Cypress.\n\n  > Expected to find a global registry (this usually means you are trying to define steps or hooks in support/e2e.js, which is not supported) (this might be a bug, please report at https://github.com/badeball/cypress-cucumber-preprocessor)\n\nWhen Cypress detects uncaught errors originating from your test code it will automatically fail the current test.\n\nCypress could not associate this error to any specific test.\n\nWe dynamically generated a new test to display this failure.",
            "estack": "Error: The following error originated from your test code, not from Cypress.\n\n  > Expected to find a global registry (this usually means you are trying to define steps or hooks in support/e2e.js, which is not supported) (this might be a bug, please report at https://github.com/badeball/cypress-cucumber-preprocessor)\n\nWhen Cypress detects uncaught errors originating from your test code it will automatically fail the current test.\n\nCypress could not associate this error to any specific test.\n\nWe dynamically generated a new test to display this failure.\n    at createError (https://www.demoblaze.com/__cypress/tests?p=cypress\\e2e\\login.cy.js:12790:16)\n    at fail (https://www.demoblaze.com/__cypress/tests?p=cypress\\e2e\\login.cy.js:12847:39)\n    at assert (https://www.demoblaze.com/__cypress/tests?p=cypress\\e2e\\login.cy.js:12853:9)\n    at ensure (https://www.demoblaze.com/__cypress/tests?p=cypress\\e2e\\login.cy.js:12856:9)\n    at getRegistry (https://www.demoblaze.com/__cypress/tests?p=cypress\\e2e\\login.cy.js:15441:40)\n    at defineStep (https://www.demoblaze.com/__cypress/tests?p=cypress\\e2e\\login.cy.js:16648:36)\n    at cypress/e2e/login.cy.js (https://www.demoblaze.com/__cypress/tests?p=cypress\\e2e\\login.cy.js:16849:54)\n    at __require (https://www.demoblaze.com/__cypress/tests?p=cypress\\e2e\\login.cy.js:12:52)\n    at eval (https://www.demoblaze.com/__cypress/tests?p=cypress\\e2e\\login.cy.js:16875:3)\n    at eval (https://www.demoblaze.com/__cypress/tests?p=cypress\\e2e\\login.cy.js:16876:3)",
            "diff": null
          },
          "uuid": "aa6d6f91-91ae-4763-9ced-9eb1ffcbf84b",
          "parentUUID": "ef3248c1-272a-4417-a436-12ab910c8636",
          "isHook": false,
          "skipped": false
        }
      ],
      "suites": [],
      "passes": [],
      "failures": [
        "aa6d6f91-91ae-4763-9ced-9eb1ffcbf84b"
      ],
      "pending": [],
      "skipped": [],
      "duration": 204,
      "root": true,
      "rootEmpty": false,
      "_timeout": 2000
    }
  ],
  "meta": {
    "mocha": {
      "version": "7.2.0"
    },
    "mochawesome": {
      "options": {
        "quiet": false,
        "reportFilename": "mochawesome",
        "saveHtml": true,
        "saveJson": true,
        "consoleReporter": "spec",
        "useInlineDiffs": false,
        "code": true
      },
      "version": "7.1.4"
    },
    "marge": {
      "options": {
        "reportDir": "cypress/reports",
        "overwrite": false,
        "html": true,
        "json": true
      },
      "version": "6.3.2"
    }
  }
}