{
  "stats": {
    "suites": 1,
    "tests": 1,
    "passes": 1,
    "pending": 0,
    "failures": 0,
    "start": "2026-06-07T15:20:00.875Z",
    "end": "2026-06-07T15:20:16.349Z",
    "duration": 15474,
    "testsRegistered": 1,
    "passPercent": 100,
    "pendingPercent": 0,
    "other": 0,
    "hasOther": false,
    "skipped": 0,
    "hasSkipped": false
  },
  "results": [
    {
      "uuid": "e7fcd796-3aed-43ea-9a04-91035a966fa1",
      "title": "",
      "fullFile": "cypress\\e2e\\purchase.cy.js",
      "file": "cypress\\e2e\\purchase.cy.js",
      "beforeHooks": [],
      "afterHooks": [],
      "tests": [],
      "suites": [
        {
          "uuid": "d24a3ccd-63d5-4c53-87a6-3d1128b34543",
          "title": "Proceso de Compra",
          "fullFile": "",
          "file": "",
          "beforeHooks": [],
          "afterHooks": [],
          "tests": [
            {
              "title": "Compra exitosa de un producto",
              "fullTitle": "Proceso de Compra Compra exitosa de un producto",
              "timedOut": null,
              "duration": 11987,
              "state": "passed",
              "speed": "slow",
              "pass": true,
              "fail": false,
              "pending": false,
              "context": null,
              "code": "home.visit();\nproduct.selectProduct('Samsung galaxy s6');\nproduct.validateProductAdded();\nproduct.addToCart();\ncart.openCart();\ncart.placeOrder();\ncart.completePurchase('Juan', 'Bolivia', 'La Paz', '123456789', '06', '2026');\ncart.validatePurchaseSuccess();",
              "err": {},
              "uuid": "c341d2f8-82d1-467c-a33a-847d61e4278c",
              "parentUUID": "d24a3ccd-63d5-4c53-87a6-3d1128b34543",
              "isHook": false,
              "skipped": false
            }
          ],
          "suites": [],
          "passes": [
            "c341d2f8-82d1-467c-a33a-847d61e4278c"
          ],
          "failures": [],
          "pending": [],
          "skipped": [],
          "duration": 11987,
          "root": false,
          "rootEmpty": false,
          "_timeout": 2000
        }
      ],
      "passes": [],
      "failures": [],
      "pending": [],
      "skipped": [],
      "duration": 0,
      "root": true,
      "rootEmpty": true,
      "_timeout": 2000
    }
  ],
  "meta": {
    "mocha": {
      "version": "7.2.0"
    },
    "mochawesome": {
      "options": {
        "quiet": false,
        "reportFilename": "mochawesome",
        "saveHtml": true,
        "saveJson": true,
        "consoleReporter": "spec",
        "useInlineDiffs": false,
        "code": true
      },
      "version": "7.1.4"
    },
    "marge": {
      "options": {
        "reportDir": "cypress/reports",
        "overwrite": false,
        "html": true,
        "json": true
      },
      "version": "6.3.2"
    }
  }
}