{
  "stats": {
    "suites": 1,
    "tests": 1,
    "passes": 1,
    "pending": 0,
    "failures": 0,
    "start": "2026-06-07T15:51:04.674Z",
    "end": "2026-06-07T15:51:12.575Z",
    "duration": 7901,
    "testsRegistered": 1,
    "passPercent": 100,
    "pendingPercent": 0,
    "other": 0,
    "hasOther": false,
    "skipped": 0,
    "hasSkipped": false
  },
  "results": [
    {
      "uuid": "000cdfd9-a0f9-4e6b-b5f0-2690743d6d6a",
      "title": "",
      "fullFile": "cypress\\e2e\\login.cy.js",
      "file": "cypress\\e2e\\login.cy.js",
      "beforeHooks": [],
      "afterHooks": [],
      "tests": [],
      "suites": [
        {
          "uuid": "ec471830-d54e-4905-89d9-5db08dbac9dc",
          "title": "Login Demoblaze",
          "fullFile": "",
          "file": "",
          "beforeHooks": [],
          "afterHooks": [],
          "tests": [
            {
              "title": "Login exitoso",
              "fullTitle": "Login Demoblaze Login exitoso",
              "timedOut": null,
              "duration": 7724,
              "state": "passed",
              "speed": "medium",
              "pass": true,
              "fail": false,
              "pending": false,
              "context": null,
              "code": "home.visit();\nhome.clickLogin();\ncy.get(\"#logInModal\").should(\"be.visible\");\nlogin.login(\n  \"juanvictor01\",\n  \"123456\"\n);\ncy.get(\"#nameofuser\", { timeout: 15e3 }).should(\"contain.text\", \"Welcome\").and(\"contain.text\", \"juanvictor01\");",
              "err": {},
              "uuid": "c6649eb6-5952-4320-b638-88002f132714",
              "parentUUID": "ec471830-d54e-4905-89d9-5db08dbac9dc",
              "isHook": false,
              "skipped": false
            }
          ],
          "suites": [],
          "passes": [
            "c6649eb6-5952-4320-b638-88002f132714"
          ],
          "failures": [],
          "pending": [],
          "skipped": [],
          "duration": 7724,
          "root": false,
          "rootEmpty": false,
          "_timeout": 2000
        }
      ],
      "passes": [],
      "failures": [],
      "pending": [],
      "skipped": [],
      "duration": 0,
      "root": true,
      "rootEmpty": true,
      "_timeout": 2000
    }
  ],
  "meta": {
    "mocha": {
      "version": "7.2.0"
    },
    "mochawesome": {
      "options": {
        "quiet": false,
        "reportFilename": "mochawesome",
        "saveHtml": true,
        "saveJson": true,
        "consoleReporter": "spec",
        "useInlineDiffs": false,
        "code": true
      },
      "version": "7.1.4"
    },
    "marge": {
      "options": {
        "reportDir": "cypress/reports",
        "overwrite": false,
        "html": true,
        "json": true
      },
      "version": "6.3.2"
    }
  }
}