{
  "stats": {
    "suites": 1,
    "tests": 1,
    "passes": 0,
    "pending": 0,
    "failures": 1,
    "start": "2026-06-07T15:42:04.352Z",
    "end": "2026-06-07T15:42:15.994Z",
    "duration": 11642,
    "testsRegistered": 1,
    "passPercent": 0,
    "pendingPercent": 0,
    "other": 0,
    "hasOther": false,
    "skipped": 0,
    "hasSkipped": false
  },
  "results": [
    {
      "uuid": "a2e21fef-8089-49e5-87de-fef31d78782b",
      "title": "",
      "fullFile": "cypress\\e2e\\purchase.cy.js",
      "file": "cypress\\e2e\\purchase.cy.js",
      "beforeHooks": [],
      "afterHooks": [],
      "tests": [],
      "suites": [
        {
          "uuid": "8eed27c2-4167-4fc0-b0a9-1d4bcfb9efa0",
          "title": "Proceso de Compra",
          "fullFile": "",
          "file": "",
          "beforeHooks": [],
          "afterHooks": [],
          "tests": [
            {
              "title": "Compra exitosa de un producto",
              "fullTitle": "Proceso de Compra Compra exitosa de un producto",
              "timedOut": null,
              "duration": 11416,
              "state": "failed",
              "speed": null,
              "pass": false,
              "fail": true,
              "pending": false,
              "context": null,
              "code": "home.visit();\nproduct.selectProduct(\"Samsung galaxy s6\");\nproduct.validateProductAdded();\nproduct.addToCart();\ncart.openCart();\ncart.placeOrder();\ncart.completePurchase(\n  \"Juan\",\n  \"Bolivia\",\n  \"La Paz\",\n  \"123456789\",\n  \"06\",\n  \"2026\"\n);\ncart.validatePurchaseSuccess();",
              "err": {
                "message": "AssertionError: The following error originated from your application code, not from Cypress.\n\n  > expected 'Please fill out Name and Creditcard.' to include 'Product added'\n\nWhen Cypress detects uncaught errors originating from your application it will automatically fail the current test.\n\nThis behavior is configurable, and you can choose to turn this off by listening to the `uncaught:exception` event.\n\nhttps://on.cypress.io/uncaught-exception-from-application",
                "estack": "AssertionError: The following error originated from your application code, not from Cypress.\n\n  > expected 'Please fill out Name and Creditcard.' to include 'Product added'\n\nWhen Cypress detects uncaught errors originating from your application it will automatically fail the current test.\n\nThis behavior is configurable, and you can choose to turn this off by listening to the `uncaught:exception` event.\n\nhttps://on.cypress.io/uncaught-exception-from-application\n    at $Cy.eval (https://www.demoblaze.com/__cypress/tests?p=cypress\\e2e\\purchase.cy.js:42:29)\n    at EventEmitter.emit (https://www.demoblaze.com/__cypress/runner/cypress_runner.js:149622:19)\n    at parent.<computed> [as emit] (https://www.demoblaze.com/__cypress/runner/cypress_runner.js:148535:32)\n    at $Cypress.action (https://www.demoblaze.com/__cypress/runner/cypress_runner.js:41978:21)\n    at onAlert (https://www.demoblaze.com/__cypress/runner/cypress_runner.js:146895:27)\n    at purchaseOrder (https://www.demoblaze.com/js/cart.js:242:5)",
                "diff": null
              },
              "uuid": "1dfac8f0-2e2e-477d-b92d-36c061ae56e4",
              "parentUUID": "8eed27c2-4167-4fc0-b0a9-1d4bcfb9efa0",
              "isHook": false,
              "skipped": false
            }
          ],
          "suites": [],
          "passes": [],
          "failures": [
            "1dfac8f0-2e2e-477d-b92d-36c061ae56e4"
          ],
          "pending": [],
          "skipped": [],
          "duration": 11416,
          "root": false,
          "rootEmpty": false,
          "_timeout": 2000
        }
      ],
      "passes": [],
      "failures": [],
      "pending": [],
      "skipped": [],
      "duration": 0,
      "root": true,
      "rootEmpty": true,
      "_timeout": 2000
    }
  ],
  "meta": {
    "mocha": {
      "version": "7.2.0"
    },
    "mochawesome": {
      "options": {
        "quiet": false,
        "reportFilename": "mochawesome",
        "saveHtml": true,
        "saveJson": true,
        "consoleReporter": "spec",
        "useInlineDiffs": false,
        "code": true
      },
      "version": "7.1.4"
    },
    "marge": {
      "options": {
        "reportDir": "cypress/reports",
        "overwrite": false,
        "html": true,
        "json": true
      },
      "version": "6.3.2"
    }
  }
}